<?xml version="1.0" encoding="UTF-8"?>
<!-- Generated by org.testng.reporters.JUnitXMLReporter -->
<testsuite ignored="0" hostname="INLEN8520025308" failures="0" tests="5" name="Default test" time="6.387" errors="0" timestamp="2022-06-13T13:27:03 IST">
  <testcase classname="UsersTest.UsersFrameWork" name="TestGetMethod" time="2.288"/>
  <testcase classname="UsersTest.UsersFrameWork" name="TestcreateMethod" time="1.004"/>
  <testcase classname="UsersTest.UsersFrameWork" name="TestgetMethodSpecific" time="1.019"/>
  <testcase classname="UsersTest.UsersFrameWork" name="TestPutMethod" time="1.038"/>
  <testcase classname="UsersTest.UsersFrameWork" name="TestDeleteMethod" time="1.011"/>
</testsuite> <!-- Default test -->
