<?xml version="1.0" encoding="UTF-8"?>
<testng-results ignored="0" total="5" passed="5" failed="0" skipped="0">
  <reporter-output>
  </reporter-output>
  <suite started-at="2022-06-13T13:26:57 IST" name="Default suite" finished-at="2022-06-13T13:27:03 IST" duration-ms="6387">
    <groups>
    </groups>
    <test started-at="2022-06-13T13:26:57 IST" name="Default test" finished-at="2022-06-13T13:27:03 IST" duration-ms="6387">
      <class name="UsersTest.UsersFrameWork">
        <test-method signature="TestGetMethod()[pri:1, instance:UsersTest.UsersFrameWork@5f683daf]" started-at="2022-06-13T13:26:57 IST" name="TestGetMethod" finished-at="2022-06-13T13:26:59 IST" duration-ms="2288" status="PASS">
          <reporter-output>
          </reporter-output>
        </test-method> <!-- TestGetMethod -->
        <test-method signature="TestcreateMethod()[pri:2, instance:UsersTest.UsersFrameWork@5f683daf]" started-at="2022-06-13T13:26:59 IST" name="TestcreateMethod" finished-at="2022-06-13T13:27:00 IST" duration-ms="1004" status="PASS">
          <reporter-output>
          </reporter-output>
        </test-method> <!-- TestcreateMethod -->
        <test-method signature="TestgetMethodSpecific()[pri:3, instance:UsersTest.UsersFrameWork@5f683daf]" started-at="2022-06-13T13:27:00 IST" name="TestgetMethodSpecific" finished-at="2022-06-13T13:27:01 IST" duration-ms="1019" status="PASS">
          <reporter-output>
          </reporter-output>
        </test-method> <!-- TestgetMethodSpecific -->
        <test-method signature="TestPutMethod()[pri:4, instance:UsersTest.UsersFrameWork@5f683daf]" started-at="2022-06-13T13:27:01 IST" name="TestPutMethod" finished-at="2022-06-13T13:27:02 IST" duration-ms="1038" status="PASS">
          <reporter-output>
          </reporter-output>
        </test-method> <!-- TestPutMethod -->
        <test-method signature="TestDeleteMethod()[pri:5, instance:UsersTest.UsersFrameWork@5f683daf]" started-at="2022-06-13T13:27:02 IST" name="TestDeleteMethod" finished-at="2022-06-13T13:27:03 IST" duration-ms="1011" status="PASS">
          <reporter-output>
          </reporter-output>
        </test-method> <!-- TestDeleteMethod -->
      </class> <!-- UsersTest.UsersFrameWork -->
    </test> <!-- Default test -->
  </suite> <!-- Default suite -->
</testng-results>
